<?xml version="1.0" encoding="UTF-8"?>
<!-- Generated by org.testng.reporters.JUnitXMLReporter -->
<testsuite hostname="Nams-Mac-mini.lan" ignored="0" name="TestFlipNames" tests="19" failures="0" timestamp="03 Aug 2017 01:46:08 GMT" time="7.233" errors="0">
  <testcase name="testLogin" time="0.834" classname="SFRest.TestLogin"/>
  <testcase name="setup" time="0.236" classname="SFRest.TestCreateLead"/>
  <testcase name="testCreateLead" time="0.285" classname="SFRest.TestCreateLead"/>
  <testcase name="testCreateLead1" time="0.481" classname="SFRest.TestCreateLead"/>
  <testcase name="testCreateLead10" time="0.365" classname="SFRest.TestCreateLead"/>
  <testcase name="testCreateLead2" time="0.302" classname="SFRest.TestCreateLead"/>
  <testcase name="testCreateLead3" time="0.345" classname="SFRest.TestCreateLead"/>
  <testcase name="testCreateLead4" time="0.312" classname="SFRest.TestCreateLead"/>
  <testcase name="testCreateLead5" time="0.378" classname="SFRest.TestCreateLead"/>
  <testcase name="testCreateLead7" time="0.233" classname="SFRest.TestCreateLead"/>
  <testcase name="testCreateLead8" time="0.241" classname="SFRest.TestCreateLead"/>
  <testcase name="testCreateLead9" time="0.191" classname="SFRest.TestCreateLead"/>
  <testcase name="setup" time="0.59" classname="SFRest.TestUpdateLead"/>
  <testcase name="testSwap1" time="0.513" classname="SFRest.TestUpdateLead"/>
  <testcase name="testSwap2" time="0.459" classname="SFRest.TestUpdateLead"/>
  <testcase name="testSwap3" time="0.453" classname="SFRest.TestUpdateLead"/>
  <testcase name="testSwap4" time="0.477" classname="SFRest.TestUpdateLead"/>
  <testcase name="testSwap5" time="0.493" classname="SFRest.TestUpdateLead"/>
  <testcase name="testGetLeads" time="0.001" classname="SFRest.TestUpdateLead"/>
</testsuite> <!-- TestFlipNames -->
