<?xml version="1.0" encoding="UTF-8"?>
<testng-results skipped="0" failed="0" ignored="0" total="19" passed="19">
  <reporter-output>
  </reporter-output>
  <suite name="Suite1" duration-ms="7233" started-at="2017-08-03T01:46:00Z" finished-at="2017-08-03T01:46:08Z">
    <groups>
    </groups>
    <test name="TestFlipNames" duration-ms="7233" started-at="2017-08-03T01:46:00Z" finished-at="2017-08-03T01:46:08Z">
      <class name="SFRest.TestUpdateLead">
        <test-method status="PASS" signature="setup()[pri:0, instance:SFRest.TestUpdateLead@548a9f61]" name="setup" duration-ms="590" started-at="2017-08-02T18:46:05Z" finished-at="2017-08-02T18:46:05Z">
          <reporter-output>
          </reporter-output>
        </test-method> <!-- setup -->
        <test-method status="PASS" signature="testSwap1()[pri:0, instance:SFRest.TestUpdateLead@548a9f61]" name="testSwap1" duration-ms="513" started-at="2017-08-02T18:46:05Z" finished-at="2017-08-02T18:46:06Z">
          <reporter-output>
          </reporter-output>
        </test-method> <!-- testSwap1 -->
        <test-method status="PASS" signature="testSwap2()[pri:0, instance:SFRest.TestUpdateLead@548a9f61]" name="testSwap2" duration-ms="459" started-at="2017-08-02T18:46:06Z" finished-at="2017-08-02T18:46:06Z">
          <reporter-output>
          </reporter-output>
        </test-method> <!-- testSwap2 -->
        <test-method status="PASS" signature="testSwap3()[pri:0, instance:SFRest.TestUpdateLead@548a9f61]" name="testSwap3" duration-ms="453" started-at="2017-08-02T18:46:06Z" finished-at="2017-08-02T18:46:07Z">
          <reporter-output>
          </reporter-output>
        </test-method> <!-- testSwap3 -->
        <test-method status="PASS" signature="testSwap4()[pri:0, instance:SFRest.TestUpdateLead@548a9f61]" name="testSwap4" duration-ms="477" started-at="2017-08-02T18:46:07Z" finished-at="2017-08-02T18:46:07Z">
          <reporter-output>
          </reporter-output>
        </test-method> <!-- testSwap4 -->
        <test-method status="PASS" signature="testSwap5()[pri:0, instance:SFRest.TestUpdateLead@548a9f61]" name="testSwap5" duration-ms="493" started-at="2017-08-02T18:46:07Z" finished-at="2017-08-02T18:46:08Z">
          <reporter-output>
          </reporter-output>
        </test-method> <!-- testSwap5 -->
        <test-method status="PASS" signature="testGetLeads()[pri:1, instance:SFRest.TestUpdateLead@548a9f61]" name="testGetLeads" duration-ms="1" started-at="2017-08-02T18:46:08Z" finished-at="2017-08-02T18:46:08Z">
          <reporter-output>
          </reporter-output>
        </test-method> <!-- testGetLeads -->
      </class> <!-- SFRest.TestUpdateLead -->
      <class name="SFRest.TestLogin">
        <test-method status="PASS" signature="testLogin()[pri:0, instance:SFRest.TestLogin@5419f379]" name="testLogin" duration-ms="834" started-at="2017-08-02T18:46:00Z" finished-at="2017-08-02T18:46:01Z">
          <reporter-output>
          </reporter-output>
        </test-method> <!-- testLogin -->
      </class> <!-- SFRest.TestLogin -->
      <class name="SFRest.TestCreateLead">
        <test-method status="PASS" signature="setup()[pri:0, instance:SFRest.TestCreateLead@4f933fd1]" name="setup" duration-ms="236" started-at="2017-08-02T18:46:01Z" finished-at="2017-08-02T18:46:01Z">
          <reporter-output>
          </reporter-output>
        </test-method> <!-- setup -->
        <test-method status="PASS" signature="testCreateLead()[pri:0, instance:SFRest.TestCreateLead@4f933fd1]" name="testCreateLead" duration-ms="285" started-at="2017-08-02T18:46:02Z" finished-at="2017-08-02T18:46:02Z">
          <reporter-output>
          </reporter-output>
        </test-method> <!-- testCreateLead -->
        <test-method status="PASS" signature="testCreateLead1()[pri:0, instance:SFRest.TestCreateLead@4f933fd1]" name="testCreateLead1" duration-ms="481" started-at="2017-08-02T18:46:02Z" finished-at="2017-08-02T18:46:02Z">
          <reporter-output>
          </reporter-output>
        </test-method> <!-- testCreateLead1 -->
        <test-method status="PASS" signature="testCreateLead10()[pri:0, instance:SFRest.TestCreateLead@4f933fd1]" name="testCreateLead10" duration-ms="365" started-at="2017-08-02T18:46:02Z" finished-at="2017-08-02T18:46:03Z">
          <reporter-output>
          </reporter-output>
        </test-method> <!-- testCreateLead10 -->
        <test-method status="PASS" signature="testCreateLead2()[pri:0, instance:SFRest.TestCreateLead@4f933fd1]" name="testCreateLead2" duration-ms="302" started-at="2017-08-02T18:46:03Z" finished-at="2017-08-02T18:46:03Z">
          <reporter-output>
          </reporter-output>
        </test-method> <!-- testCreateLead2 -->
        <test-method status="PASS" signature="testCreateLead3()[pri:0, instance:SFRest.TestCreateLead@4f933fd1]" name="testCreateLead3" duration-ms="345" started-at="2017-08-02T18:46:03Z" finished-at="2017-08-02T18:46:03Z">
          <reporter-output>
          </reporter-output>
        </test-method> <!-- testCreateLead3 -->
        <test-method status="PASS" signature="testCreateLead4()[pri:0, instance:SFRest.TestCreateLead@4f933fd1]" name="testCreateLead4" duration-ms="312" started-at="2017-08-02T18:46:03Z" finished-at="2017-08-02T18:46:04Z">
          <reporter-output>
          </reporter-output>
        </test-method> <!-- testCreateLead4 -->
        <test-method status="PASS" signature="testCreateLead5()[pri:0, instance:SFRest.TestCreateLead@4f933fd1]" name="testCreateLead5" duration-ms="378" started-at="2017-08-02T18:46:04Z" finished-at="2017-08-02T18:46:04Z">
          <reporter-output>
          </reporter-output>
        </test-method> <!-- testCreateLead5 -->
        <test-method status="PASS" signature="testCreateLead7()[pri:0, instance:SFRest.TestCreateLead@4f933fd1]" name="testCreateLead7" duration-ms="233" started-at="2017-08-02T18:46:04Z" finished-at="2017-08-02T18:46:04Z">
          <reporter-output>
          </reporter-output>
        </test-method> <!-- testCreateLead7 -->
        <test-method status="PASS" signature="testCreateLead8()[pri:0, instance:SFRest.TestCreateLead@4f933fd1]" name="testCreateLead8" duration-ms="241" started-at="2017-08-02T18:46:04Z" finished-at="2017-08-02T18:46:04Z">
          <reporter-output>
          </reporter-output>
        </test-method> <!-- testCreateLead8 -->
        <test-method status="PASS" signature="testCreateLead9()[pri:0, instance:SFRest.TestCreateLead@4f933fd1]" name="testCreateLead9" duration-ms="191" started-at="2017-08-02T18:46:04Z" finished-at="2017-08-02T18:46:05Z">
          <reporter-output>
          </reporter-output>
        </test-method> <!-- testCreateLead9 -->
      </class> <!-- SFRest.TestCreateLead -->
    </test> <!-- TestFlipNames -->
  </suite> <!-- Suite1 -->
</testng-results>
